;  LST file generated by mikroListExporter - v.2.0 
; Date/Time: 12/26/2022 6:53:59 PM
;----------------------------------------------

;Address Opcode 	ASM
0x0000	0x2A59      	GOTO       601
_interrupt:
0x0004	0x00FF      	MOVWF      R15
0x0005	0x0E03      	SWAPF      STATUS, 0
0x0006	0x0183      	CLRF       STATUS
0x0007	0x00EF      	MOVWF      ___saveSTATUS
0x0008	0x080A      	MOVF       PCLATH, 0
0x0009	0x00EE      	MOVWF      ___savePCLATH
0x000A	0x018A      	CLRF       PCLATH
0x000B	0x087B      	MOVF       R11, 0
0x000C	0x00A2      	MOVWF      34
0x000D	0x087C      	MOVF       R12, 0
0x000E	0x00A1      	MOVWF      33
0x000F	0x087D      	MOVF       R13, 0
0x0010	0x00A0      	MOVWF      32
;MyProject.c,20 :: 		void interrupt()       // Kesme alt program?
;MyProject.c,22 :: 		if(PORTB.B1){
0x0011	0x1C86      	BTFSS      PORTB, 1
0x0012	0x2821      	GOTO       L_interrupt0
;MyProject.c,24 :: 		delay_ms(10000); // 10 sn bekle
0x0013	0x307F      	MOVLW      127
0x0014	0x00FB      	MOVWF      R11
0x0015	0x30D4      	MOVLW      212
0x0016	0x00FC      	MOVWF      R12
0x0017	0x3031      	MOVLW      49
0x0018	0x00FD      	MOVWF      R13
L_interrupt1:
0x0019	0x0BFD      	DECFSZ     R13, 1
0x001A	0x2819      	GOTO       L_interrupt1
0x001B	0x0BFC      	DECFSZ     R12, 1
0x001C	0x2819      	GOTO       L_interrupt1
0x001D	0x0BFB      	DECFSZ     R11, 1
0x001E	0x2819      	GOTO       L_interrupt1
0x001F	0x0000      	NOP
0x0020	0x0000      	NOP
;MyProject.c,25 :: 		}
L_interrupt0:
;MyProject.c,26 :: 		INTCON.INTF=0;
0x0021	0x108B      	BCF        INTCON, 1
;MyProject.c,27 :: 		}
L_end_interrupt:
L__interrupt18:
0x0022	0x0822      	MOVF       34, 0
0x0023	0x00FB      	MOVWF      R11
0x0024	0x0821      	MOVF       33, 0
0x0025	0x00FC      	MOVWF      R12
0x0026	0x0820      	MOVF       32, 0
0x0027	0x00FD      	MOVWF      R13
0x0028	0x086E      	MOVF       ___savePCLATH, 0
0x0029	0x008A      	MOVWF      PCLATH
0x002A	0x0E6F      	SWAPF      ___saveSTATUS, 0
0x002B	0x0083      	MOVWF      STATUS
0x002C	0x0EFF      	SWAPF      R15, 1
0x002D	0x0E7F      	SWAPF      R15, 0
0x002E	0x0009      	RETFIE
; end of _interrupt
_Delay_1us:
;__Lib_Delays.c,7 :: 		void Delay_1us() {
;__Lib_Delays.c,8 :: 		Delay_us(1);
0x002F	0x0000      	NOP
0x0030	0x0000      	NOP
;__Lib_Delays.c,9 :: 		}
L_end_Delay_1us:
0x0031	0x0008      	RETURN
; end of _Delay_1us
_Delay_50us:
;__Lib_Delays.c,19 :: 		void Delay_50us() {
;__Lib_Delays.c,20 :: 		Delay_us(50);
0x0032	0x3029      	MOVLW      41
0x0033	0x1283      	BCF        STATUS, 5
0x0034	0x1303      	BCF        STATUS, 6
0x0035	0x00FD      	MOVWF      R13
L_Delay_50us2:
0x0036	0x0BFD      	DECFSZ     R13, 1
0x0037	0x2836      	GOTO       L_Delay_50us2
0x0038	0x0000      	NOP
;__Lib_Delays.c,21 :: 		}
L_end_Delay_50us:
0x0039	0x0008      	RETURN
; end of _Delay_50us
_Delay_5500us:
;__Lib_Delays.c,31 :: 		void Delay_5500us() {
;__Lib_Delays.c,32 :: 		Delay_us(5500);
0x003A	0x3012      	MOVLW      18
0x003B	0x1283      	BCF        STATUS, 5
0x003C	0x1303      	BCF        STATUS, 6
0x003D	0x00FC      	MOVWF      R12
0x003E	0x30DA      	MOVLW      218
0x003F	0x00FD      	MOVWF      R13
L_Delay_5500us5:
0x0040	0x0BFD      	DECFSZ     R13, 1
0x0041	0x2840      	GOTO       L_Delay_5500us5
0x0042	0x0BFC      	DECFSZ     R12, 1
0x0043	0x2840      	GOTO       L_Delay_5500us5
0x0044	0x0000      	NOP
;__Lib_Delays.c,33 :: 		}
L_end_Delay_5500us:
0x0045	0x0008      	RETURN
; end of _Delay_5500us
_Div_16X16_U:
;__Lib_Math.c,215 :: 		
;__Lib_Math.c,222 :: 		
0x0046	0x1283      	BCF        STATUS, 5
;__Lib_Math.c,223 :: 		
0x0047	0x1303      	BCF        STATUS, 6
;__Lib_Math.c,224 :: 		
0x0048	0x01F8      	CLRF       R8
;__Lib_Math.c,225 :: 		
0x0049	0x01F9      	CLRF       R9
;__Lib_Math.c,226 :: 		
0x004A	0x3010      	MOVLW      16
;__Lib_Math.c,227 :: 		
0x004B	0x00FC      	MOVWF      R12
;__Lib_Math.c,228 :: 		
0x004C	0x0D71      	RLF        R1, 0
;__Lib_Math.c,229 :: 		
0x004D	0x0DF8      	RLF        R8, 1
;__Lib_Math.c,230 :: 		
0x004E	0x0DF9      	RLF        R9, 1
;__Lib_Math.c,231 :: 		
0x004F	0x0874      	MOVF       R4, 0
;__Lib_Math.c,232 :: 		
0x0050	0x02F8      	SUBWF      R8, 1
;__Lib_Math.c,233 :: 		
0x0051	0x0875      	MOVF       R5, 0
;__Lib_Math.c,234 :: 		
0x0052	0x1C03      	BTFSS      STATUS, 0
;__Lib_Math.c,235 :: 		
0x0053	0x0F75      	INCFSZ     R5, 0
;__Lib_Math.c,236 :: 		
0x0054	0x02F9      	SUBWF      R9, 1
;__Lib_Math.c,237 :: 		
0x0055	0x1803      	BTFSC      STATUS, 0
;__Lib_Math.c,238 :: 		
0x0056	0x285E      	GOTO       $+8
;__Lib_Math.c,239 :: 		
0x0057	0x0874      	MOVF       R4, 0
;__Lib_Math.c,240 :: 		
0x0058	0x07F8      	ADDWF      R8, 1
;__Lib_Math.c,241 :: 		
0x0059	0x0875      	MOVF       R5, 0
;__Lib_Math.c,242 :: 		
0x005A	0x1803      	BTFSC      STATUS, 0
;__Lib_Math.c,243 :: 		
0x005B	0x0F75      	INCFSZ     R5, 0
;__Lib_Math.c,244 :: 		
0x005C	0x07F9      	ADDWF      R9, 1
;__Lib_Math.c,245 :: 		
0x005D	0x1003      	BCF        STATUS, 0
;__Lib_Math.c,246 :: 		
0x005E	0x0DF0      	RLF        R0, 1
;__Lib_Math.c,247 :: 		
0x005F	0x0DF1      	RLF        R1, 1
;__Lib_Math.c,248 :: 		
0x0060	0x0BFC      	DECFSZ     R12, 1
;__Lib_Math.c,249 :: 		
0x0061	0x284C      	GOTO       $-21
;__Lib_Math.c,251 :: 		
L_end_Div_16X16_U:
0x0062	0x0008      	RETURN
; end of _Div_16X16_U
_Lcd_Cmd:
;__Lib_Lcd.c,18 :: 		
;__Lib_Lcd.c,20 :: 		
0x0063	0x1683      	BSF        STATUS, 5
0x0064	0x1303      	BCF        STATUS, 6
0x0065	0x1BDB      	BTFSC      FARG_Lcd_Cmd_out_char, 7
0x0066	0x286A      	GOTO       L__Lcd_Cmd21
0x0067	0x1283      	BCF        STATUS, 5
0x0068	0x1288      	BCF        LCD_D7, BitPos(LCD_D7+0)
0x0069	0x286C      	GOTO       L__Lcd_Cmd22
L__Lcd_Cmd21:
0x006A	0x1283      	BCF        STATUS, 5
0x006B	0x1688      	BSF        LCD_D7, BitPos(LCD_D7+0)
L__Lcd_Cmd22:
;__Lib_Lcd.c,21 :: 		
0x006C	0x1683      	BSF        STATUS, 5
0x006D	0x1B5B      	BTFSC      FARG_Lcd_Cmd_out_char, 6
0x006E	0x2872      	GOTO       L__Lcd_Cmd23
0x006F	0x1283      	BCF        STATUS, 5
0x0070	0x1208      	BCF        LCD_D6, BitPos(LCD_D6+0)
0x0071	0x2874      	GOTO       L__Lcd_Cmd24
L__Lcd_Cmd23:
0x0072	0x1283      	BCF        STATUS, 5
0x0073	0x1608      	BSF        LCD_D6, BitPos(LCD_D6+0)
L__Lcd_Cmd24:
;__Lib_Lcd.c,22 :: 		
0x0074	0x1683      	BSF        STATUS, 5
0x0075	0x1ADB      	BTFSC      FARG_Lcd_Cmd_out_char, 5
0x0076	0x287A      	GOTO       L__Lcd_Cmd25
0x0077	0x1283      	BCF        STATUS, 5
0x0078	0x1188      	BCF        LCD_D5, BitPos(LCD_D5+0)
0x0079	0x287C      	GOTO       L__Lcd_Cmd26
L__Lcd_Cmd25:
0x007A	0x1283      	BCF        STATUS, 5
0x007B	0x1588      	BSF        LCD_D5, BitPos(LCD_D5+0)
L__Lcd_Cmd26:
;__Lib_Lcd.c,23 :: 		
0x007C	0x1683      	BSF        STATUS, 5
0x007D	0x1A5B      	BTFSC      FARG_Lcd_Cmd_out_char, 4
0x007E	0x2882      	GOTO       L__Lcd_Cmd27
0x007F	0x1283      	BCF        STATUS, 5
0x0080	0x1108      	BCF        LCD_D4, BitPos(LCD_D4+0)
0x0081	0x2884      	GOTO       L__Lcd_Cmd28
L__Lcd_Cmd27:
0x0082	0x1283      	BCF        STATUS, 5
0x0083	0x1508      	BSF        LCD_D4, BitPos(LCD_D4+0)
L__Lcd_Cmd28:
;__Lib_Lcd.c,25 :: 		
0x0084	0x186D      	BTFSC      __Lib_Lcd_cmd_status, BitPos(__Lib_Lcd_cmd_status+0)
0x0085	0x2888      	GOTO       L__Lcd_Cmd29
0x0086	0x1408      	BSF        LCD_RS, BitPos(LCD_RS+0)
0x0087	0x2889      	GOTO       L__Lcd_Cmd30
L__Lcd_Cmd29:
0x0088	0x1008      	BCF        LCD_RS, BitPos(LCD_RS+0)
L__Lcd_Cmd30:
;__Lib_Lcd.c,28 :: 		
0x0089	0x1488      	BSF        LCD_EN, BitPos(LCD_EN+0)
;__Lib_Lcd.c,29 :: 		
0x008A	0x202F      	CALL       _Delay_1us
;__Lib_Lcd.c,30 :: 		
0x008B	0x1088      	BCF        LCD_EN, BitPos(LCD_EN+0)
;__Lib_Lcd.c,33 :: 		
0x008C	0x1683      	BSF        STATUS, 5
0x008D	0x19DB      	BTFSC      FARG_Lcd_Cmd_out_char, 3
0x008E	0x2892      	GOTO       L__Lcd_Cmd31
0x008F	0x1283      	BCF        STATUS, 5
0x0090	0x1288      	BCF        LCD_D7, BitPos(LCD_D7+0)
0x0091	0x2894      	GOTO       L__Lcd_Cmd32
L__Lcd_Cmd31:
0x0092	0x1283      	BCF        STATUS, 5
0x0093	0x1688      	BSF        LCD_D7, BitPos(LCD_D7+0)
L__Lcd_Cmd32:
;__Lib_Lcd.c,34 :: 		
0x0094	0x1683      	BSF        STATUS, 5
0x0095	0x195B      	BTFSC      FARG_Lcd_Cmd_out_char, 2
0x0096	0x289A      	GOTO       L__Lcd_Cmd33
0x0097	0x1283      	BCF        STATUS, 5
0x0098	0x1208      	BCF        LCD_D6, BitPos(LCD_D6+0)
0x0099	0x289C      	GOTO       L__Lcd_Cmd34
L__Lcd_Cmd33:
0x009A	0x1283      	BCF        STATUS, 5
0x009B	0x1608      	BSF        LCD_D6, BitPos(LCD_D6+0)
L__Lcd_Cmd34:
;__Lib_Lcd.c,35 :: 		
0x009C	0x1683      	BSF        STATUS, 5
0x009D	0x18DB      	BTFSC      FARG_Lcd_Cmd_out_char, 1
0x009E	0x28A2      	GOTO       L__Lcd_Cmd35
0x009F	0x1283      	BCF        STATUS, 5
0x00A0	0x1188      	BCF        LCD_D5, BitPos(LCD_D5+0)
0x00A1	0x28A4      	GOTO       L__Lcd_Cmd36
L__Lcd_Cmd35:
0x00A2	0x1283      	BCF        STATUS, 5
0x00A3	0x1588      	BSF        LCD_D5, BitPos(LCD_D5+0)
L__Lcd_Cmd36:
;__Lib_Lcd.c,36 :: 		
0x00A4	0x1683      	BSF        STATUS, 5
0x00A5	0x185B      	BTFSC      FARG_Lcd_Cmd_out_char, 0
0x00A6	0x28AA      	GOTO       L__Lcd_Cmd37
0x00A7	0x1283      	BCF        STATUS, 5
0x00A8	0x1108      	BCF        LCD_D4, BitPos(LCD_D4+0)
0x00A9	0x28AC      	GOTO       L__Lcd_Cmd38
L__Lcd_Cmd37:
0x00AA	0x1283      	BCF        STATUS, 5
0x00AB	0x1508      	BSF        LCD_D4, BitPos(LCD_D4+0)
L__Lcd_Cmd38:
;__Lib_Lcd.c,38 :: 		
0x00AC	0x186D      	BTFSC      __Lib_Lcd_cmd_status, BitPos(__Lib_Lcd_cmd_status+0)
0x00AD	0x28B0      	GOTO       L__Lcd_Cmd39
0x00AE	0x1408      	BSF        LCD_RS, BitPos(LCD_RS+0)
0x00AF	0x28B1      	GOTO       L__Lcd_Cmd40
L__Lcd_Cmd39:
0x00B0	0x1008      	BCF        LCD_RS, BitPos(LCD_RS+0)
L__Lcd_Cmd40:
;__Lib_Lcd.c,40 :: 		
0x00B1	0x1488      	BSF        LCD_EN, BitPos(LCD_EN+0)
;__Lib_Lcd.c,41 :: 		
0x00B2	0x202F      	CALL       _Delay_1us
;__Lib_Lcd.c,42 :: 		
0x00B3	0x1088      	BCF        LCD_EN, BitPos(LCD_EN+0)
;__Lib_Lcd.c,44 :: 		
0x00B4	0x1C6D      	BTFSS      __Lib_Lcd_cmd_status, BitPos(__Lib_Lcd_cmd_status+0)
0x00B5	0x28B8      	GOTO       L_Lcd_Cmd0
;__Lib_Lcd.c,45 :: 		
0x00B6	0x203A      	CALL       _Delay_5500us
0x00B7	0x28B9      	GOTO       L_Lcd_Cmd1
L_Lcd_Cmd0:
;__Lib_Lcd.c,47 :: 		
0x00B8	0x2032      	CALL       _Delay_50us
L_Lcd_Cmd1:
;__Lib_Lcd.c,48 :: 		
L_end_Lcd_Cmd:
0x00B9	0x0008      	RETURN
; end of _Lcd_Cmd
_Delay_22us:
;__Lib_Delays.c,15 :: 		void Delay_22us() {
;__Lib_Delays.c,16 :: 		Delay_us(22);
0x00BA	0x3012      	MOVLW      18
0x00BB	0x1283      	BCF        STATUS, 5
0x00BC	0x1303      	BCF        STATUS, 6
0x00BD	0x00FD      	MOVWF      R13
L_Delay_22us1:
0x00BE	0x0BFD      	DECFSZ     R13, 1
0x00BF	0x28BE      	GOTO       L_Delay_22us1
;__Lib_Delays.c,17 :: 		}
L_end_Delay_22us:
0x00C0	0x0008      	RETURN
; end of _Delay_22us
_Lcd_Chr_CP:
;__Lib_Lcd.c,50 :: 		
;__Lib_Lcd.c,52 :: 		
0x00C1	0x1283      	BCF        STATUS, 5
0x00C2	0x1303      	BCF        STATUS, 6
0x00C3	0x106D      	BCF        __Lib_Lcd_cmd_status, BitPos(__Lib_Lcd_cmd_status+0)
;__Lib_Lcd.c,53 :: 		
0x00C4	0x1683      	BSF        STATUS, 5
0x00C5	0x0856      	MOVF       FARG_Lcd_Chr_CP_out_char, 0
0x00C6	0x00DB      	MOVWF      FARG_Lcd_Cmd_out_char
0x00C7	0x2063      	CALL       _Lcd_Cmd
;__Lib_Lcd.c,54 :: 		
0x00C8	0x146D      	BSF        __Lib_Lcd_cmd_status, BitPos(__Lib_Lcd_cmd_status+0)
;__Lib_Lcd.c,55 :: 		
L_end_Lcd_Chr_CP:
0x00C9	0x0008      	RETURN
; end of _Lcd_Chr_CP
_WordToStr:
;__Lib_Conversions.c,98 :: 		
;__Lib_Conversions.c,103 :: 		
0x00CA	0x1683      	BSF        STATUS, 5
0x00CB	0x1303      	BCF        STATUS, 6
0x00CC	0x01D9      	CLRF       WordToStr_len_L0
L_WordToStr11:
0x00CD	0x3005      	MOVLW      5
0x00CE	0x0259      	SUBWF      WordToStr_len_L0, 0
0x00CF	0x1803      	BTFSC      STATUS, 0
0x00D0	0x28D8      	GOTO       L_WordToStr12
;__Lib_Conversions.c,104 :: 		
0x00D1	0x0859      	MOVF       WordToStr_len_L0, 0
0x00D2	0x0758      	ADDWF      FARG_WordToStr_output, 0
0x00D3	0x0084      	MOVWF      FSR
0x00D4	0x3020      	MOVLW      32
0x00D5	0x0080      	MOVWF      INDF
;__Lib_Conversions.c,103 :: 		
0x00D6	0x0AD9      	INCF       WordToStr_len_L0, 1
;__Lib_Conversions.c,104 :: 		
0x00D7	0x28CD      	GOTO       L_WordToStr11
L_WordToStr12:
;__Lib_Conversions.c,105 :: 		
0x00D8	0x0859      	MOVF       WordToStr_len_L0, 0
0x00D9	0x0758      	ADDWF      FARG_WordToStr_output, 0
0x00DA	0x0084      	MOVWF      FSR
0x00DB	0x0180      	CLRF       INDF
0x00DC	0x03D9      	DECF       WordToStr_len_L0, 1
;__Lib_Conversions.c,107 :: 		
L_WordToStr14:
;__Lib_Conversions.c,108 :: 		
0x00DD	0x0859      	MOVF       WordToStr_len_L0, 0
0x00DE	0x0758      	ADDWF      FARG_WordToStr_output, 0
0x00DF	0x00DA      	MOVWF      FLOC__WordToStr
0x00E0	0x300A      	MOVLW      10
0x00E1	0x00F4      	MOVWF      R4
0x00E2	0x01F5      	CLRF       R4+1
0x00E3	0x0856      	MOVF       FARG_WordToStr_input, 0
0x00E4	0x00F0      	MOVWF      R0
0x00E5	0x0857      	MOVF       FARG_WordToStr_input+1, 0
0x00E6	0x00F1      	MOVWF      R0+1
0x00E7	0x2046      	CALL       _Div_16X16_U
0x00E8	0x0878      	MOVF       R8, 0
0x00E9	0x00F0      	MOVWF      R0
0x00EA	0x0879      	MOVF       R8+1, 0
0x00EB	0x00F1      	MOVWF      R0+1
0x00EC	0x3030      	MOVLW      48
0x00ED	0x07F0      	ADDWF      R0, 1
0x00EE	0x1683      	BSF        STATUS, 5
0x00EF	0x085A      	MOVF       FLOC__WordToStr, 0
0x00F0	0x0084      	MOVWF      FSR
0x00F1	0x0870      	MOVF       R0, 0
0x00F2	0x0080      	MOVWF      INDF
;__Lib_Conversions.c,109 :: 		
0x00F3	0x300A      	MOVLW      10
0x00F4	0x00F4      	MOVWF      R4
0x00F5	0x01F5      	CLRF       R4+1
0x00F6	0x0856      	MOVF       FARG_WordToStr_input, 0
0x00F7	0x00F0      	MOVWF      R0
0x00F8	0x0857      	MOVF       FARG_WordToStr_input+1, 0
0x00F9	0x00F1      	MOVWF      R0+1
0x00FA	0x2046      	CALL       _Div_16X16_U
0x00FB	0x0870      	MOVF       R0, 0
0x00FC	0x1683      	BSF        STATUS, 5
0x00FD	0x00D6      	MOVWF      FARG_WordToStr_input
0x00FE	0x0871      	MOVF       R0+1, 0
0x00FF	0x00D7      	MOVWF      FARG_WordToStr_input+1
;__Lib_Conversions.c,110 :: 		
0x0100	0x3000      	MOVLW      0
0x0101	0x0671      	XORWF      R0+1, 0
0x0102	0x1D03      	BTFSS      STATUS, 2
0x0103	0x2906      	GOTO       L__WordToStr379
0x0104	0x3000      	MOVLW      0
0x0105	0x0670      	XORWF      R0, 0
L__WordToStr379:
0x0106	0x1D03      	BTFSS      STATUS, 2
0x0107	0x2909      	GOTO       L_WordToStr16
;__Lib_Conversions.c,111 :: 		
0x0108	0x290B      	GOTO       L_WordToStr15
L_WordToStr16:
;__Lib_Conversions.c,112 :: 		
0x0109	0x03D9      	DECF       WordToStr_len_L0, 1
;__Lib_Conversions.c,113 :: 		
0x010A	0x28DD      	GOTO       L_WordToStr14
L_WordToStr15:
;__Lib_Conversions.c,114 :: 		
L_end_WordToStr:
0x010B	0x0008      	RETURN
; end of _WordToStr
_____DoICP:
;__Lib_System.c,6 :: 		
;__Lib_System.c,9 :: 		
0x010C	0x1283      	BCF        STATUS, 5
0x010D	0x1303      	BCF        STATUS, 6
0x010E	0x086C      	MOVF       ___DoICPAddr+1, 0
0x010F	0x008A      	MOVWF      PCLATH
;__Lib_System.c,10 :: 		
0x0110	0x086B      	MOVF       ___DoICPAddr, 0
0x0111	0x0082      	MOVWF      PCL
;__Lib_System.c,12 :: 		
L_end_____DoICP:
0x0112	0x0008      	RETURN
; end of _____DoICP
_ADC_Read:
;__Lib_ADC_88X.c,78 :: 		
;__Lib_ADC_88X.c,80 :: 		
0x0113	0x30C3      	MOVLW      195
0x0114	0x1283      	BCF        STATUS, 5
0x0115	0x1303      	BCF        STATUS, 6
0x0116	0x059F      	ANDWF      ADCON0, 1
;__Lib_ADC_88X.c,84 :: 		
0x0117	0x30C0      	MOVLW      192
0x0118	0x009F      	MOVWF      ADCON0
;__Lib_ADC_88X.c,85 :: 		
0x0119	0x1683      	BSF        STATUS, 5
0x011A	0x084D      	MOVF       FARG_ADC_Read_channel, 0
0x011B	0x00F0      	MOVWF      R0
0x011C	0x0DF0      	RLF        R0, 1
0x011D	0x1070      	BCF        R0, 0
0x011E	0x0DF0      	RLF        R0, 1
0x011F	0x1070      	BCF        R0, 0
0x0120	0x0870      	MOVF       R0, 0
0x0121	0x1283      	BCF        STATUS, 5
0x0122	0x049F      	IORWF      ADCON0, 1
;__Lib_ADC_88X.c,86 :: 		
0x0123	0x0961      	COMF       _vref_mask, 0
0x0124	0x00F0      	MOVWF      R0
0x0125	0x0870      	MOVF       R0, 0
0x0126	0x1683      	BSF        STATUS, 5
0x0127	0x059F      	ANDWF      ADCON1, 1
;__Lib_ADC_88X.c,87 :: 		
0x0128	0x179F      	BSF        ADCON1, 7
;__Lib_ADC_88X.c,90 :: 		
0x0129	0x1283      	BCF        STATUS, 5
0x012A	0x141F      	BSF        ADCON0, 0
;__Lib_ADC_88X.c,93 :: 		
0x012B	0x20BA      	CALL       _Delay_22us
;__Lib_ADC_88X.c,96 :: 		
0x012C	0x149F      	BSF        ADCON0, 1
;__Lib_ADC_88X.c,99 :: 		
L_ADC_Read2:
0x012D	0x1C9F      	BTFSS      ADCON0, 1
0x012E	0x2931      	GOTO       L_ADC_Read3
;__Lib_ADC_88X.c,100 :: 		
0x012F	0x0000      	NOP
0x0130	0x292D      	GOTO       L_ADC_Read2
L_ADC_Read3:
;__Lib_ADC_88X.c,103 :: 		
0x0131	0x101F      	BCF        ADCON0, 0
;__Lib_ADC_88X.c,106 :: 		
0x0132	0x081E      	MOVF       ADRESH, 0
0x0133	0x00F1      	MOVWF      R0+1
0x0134	0x01F0      	CLRF       R0
0x0135	0x1683      	BSF        STATUS, 5
0x0136	0x081E      	MOVF       ADRESL, 0
0x0137	0x04F0      	IORWF      R0, 1
0x0138	0x3000      	MOVLW      0
0x0139	0x04F1      	IORWF      R0+1, 1
;__Lib_ADC_88X.c,107 :: 		
L_end_ADC_Read:
0x013A	0x0008      	RETURN
; end of _ADC_Read
_IntToStr:
;__Lib_Conversions.c,195 :: 		
;__Lib_Conversions.c,201 :: 		
0x013B	0x1683      	BSF        STATUS, 5
0x013C	0x1303      	BCF        STATUS, 6
0x013D	0x01D2      	CLRF       IntToStr_negative_L0
0x013E	0x01D3      	CLRF       IntToStr_negative_L0+1
;__Lib_Conversions.c,202 :: 		
0x013F	0x084D      	MOVF       FARG_IntToStr_input, 0
0x0140	0x00D4      	MOVWF      IntToStr_inword_L0
0x0141	0x084E      	MOVF       FARG_IntToStr_input+1, 0
0x0142	0x00D5      	MOVWF      IntToStr_inword_L0+1
;__Lib_Conversions.c,203 :: 		
0x0143	0x3080      	MOVLW      128
0x0144	0x064E      	XORWF      FARG_IntToStr_input+1, 0
0x0145	0x00F0      	MOVWF      R0
0x0146	0x3080      	MOVLW      128
0x0147	0x0270      	SUBWF      R0, 0
0x0148	0x1D03      	BTFSS      STATUS, 2
0x0149	0x294C      	GOTO       L__IntToStr387
0x014A	0x3000      	MOVLW      0
0x014B	0x024D      	SUBWF      FARG_IntToStr_input, 0
L__IntToStr387:
0x014C	0x1803      	BTFSC      STATUS, 0
0x014D	0x295A      	GOTO       L_IntToStr37
;__Lib_Conversions.c,204 :: 		
0x014E	0x3001      	MOVLW      1
0x014F	0x00D2      	MOVWF      IntToStr_negative_L0
0x0150	0x3000      	MOVLW      0
0x0151	0x00D3      	MOVWF      IntToStr_negative_L0+1
;__Lib_Conversions.c,205 :: 		
0x0152	0x084D      	MOVF       FARG_IntToStr_input, 0
0x0153	0x3C00      	SUBLW      0
0x0154	0x00D4      	MOVWF      IntToStr_inword_L0
0x0155	0x084E      	MOVF       FARG_IntToStr_input+1, 0
0x0156	0x1C03      	BTFSS      STATUS, 0
0x0157	0x3E01      	ADDLW      1
0x0158	0x01D5      	CLRF       IntToStr_inword_L0+1
0x0159	0x02D5      	SUBWF      IntToStr_inword_L0+1, 1
;__Lib_Conversions.c,206 :: 		
L_IntToStr37:
;__Lib_Conversions.c,207 :: 		
0x015A	0x0854      	MOVF       IntToStr_inword_L0, 0
0x015B	0x00D6      	MOVWF      FARG_WordToStr_input
0x015C	0x0855      	MOVF       IntToStr_inword_L0+1, 0
0x015D	0x00D7      	MOVWF      FARG_WordToStr_input+1
0x015E	0x084F      	MOVF       FARG_IntToStr_output, 0
0x015F	0x00D8      	MOVWF      FARG_WordToStr_output
0x0160	0x20CA      	CALL       _WordToStr
;__Lib_Conversions.c,209 :: 		
0x0161	0x3006      	MOVLW      6
0x0162	0x00D0      	MOVWF      IntToStr_i_L0
0x0163	0x3000      	MOVLW      0
0x0164	0x00D1      	MOVWF      IntToStr_i_L0+1
;__Lib_Conversions.c,210 :: 		
L_IntToStr38:
0x0165	0x0851      	MOVF       IntToStr_i_L0+1, 0
0x0166	0x3C00      	SUBLW      0
0x0167	0x1D03      	BTFSS      STATUS, 2
0x0168	0x296B      	GOTO       L__IntToStr388
0x0169	0x0850      	MOVF       IntToStr_i_L0, 0
0x016A	0x3C00      	SUBLW      0
L__IntToStr388:
0x016B	0x1803      	BTFSC      STATUS, 0
0x016C	0x2986      	GOTO       L_IntToStr39
;__Lib_Conversions.c,211 :: 		
0x016D	0x0850      	MOVF       IntToStr_i_L0, 0
0x016E	0x074F      	ADDWF      FARG_IntToStr_output, 0
0x016F	0x00F2      	MOVWF      R2
0x0170	0x3001      	MOVLW      1
0x0171	0x0250      	SUBWF      IntToStr_i_L0, 0
0x0172	0x00F0      	MOVWF      R0
0x0173	0x3000      	MOVLW      0
0x0174	0x1C03      	BTFSS      STATUS, 0
0x0175	0x3E01      	ADDLW      1
0x0176	0x0251      	SUBWF      IntToStr_i_L0+1, 0
0x0177	0x00F1      	MOVWF      R0+1
0x0178	0x0870      	MOVF       R0, 0
0x0179	0x074F      	ADDWF      FARG_IntToStr_output, 0
0x017A	0x0084      	MOVWF      FSR
0x017B	0x0800      	MOVF       INDF, 0
0x017C	0x00F0      	MOVWF      R0
0x017D	0x0872      	MOVF       R2, 0
0x017E	0x0084      	MOVWF      FSR
0x017F	0x0870      	MOVF       R0, 0
0x0180	0x0080      	MOVWF      INDF
;__Lib_Conversions.c,212 :: 		
0x0181	0x3001      	MOVLW      1
0x0182	0x02D0      	SUBWF      IntToStr_i_L0, 1
0x0183	0x1C03      	BTFSS      STATUS, 0
0x0184	0x03D1      	DECF       IntToStr_i_L0+1, 1
;__Lib_Conversions.c,213 :: 		
0x0185	0x2965      	GOTO       L_IntToStr38
L_IntToStr39:
;__Lib_Conversions.c,214 :: 		
0x0186	0x084F      	MOVF       FARG_IntToStr_output, 0
0x0187	0x0084      	MOVWF      FSR
0x0188	0x3020      	MOVLW      32
0x0189	0x0080      	MOVWF      INDF
;__Lib_Conversions.c,215 :: 		
0x018A	0x0852      	MOVF       IntToStr_negative_L0, 0
0x018B	0x0453      	IORWF      IntToStr_negative_L0+1, 0
0x018C	0x1903      	BTFSC      STATUS, 2
0x018D	0x29A4      	GOTO       L_IntToStr40
;__Lib_Conversions.c,216 :: 		
0x018E	0x01D0      	CLRF       IntToStr_i_L0
0x018F	0x01D1      	CLRF       IntToStr_i_L0+1
;__Lib_Conversions.c,217 :: 		
L_IntToStr41:
0x0190	0x0850      	MOVF       IntToStr_i_L0, 0
0x0191	0x074F      	ADDWF      FARG_IntToStr_output, 0
0x0192	0x0084      	MOVWF      FSR
0x0193	0x0800      	MOVF       INDF, 0
0x0194	0x3A20      	XORLW      32
0x0195	0x1D03      	BTFSS      STATUS, 2
0x0196	0x299B      	GOTO       L_IntToStr42
0x0197	0x0AD0      	INCF       IntToStr_i_L0, 1
0x0198	0x1903      	BTFSC      STATUS, 2
0x0199	0x0AD1      	INCF       IntToStr_i_L0+1, 1
0x019A	0x2990      	GOTO       L_IntToStr41
L_IntToStr42:
;__Lib_Conversions.c,218 :: 		
0x019B	0x3001      	MOVLW      1
0x019C	0x02D0      	SUBWF      IntToStr_i_L0, 1
0x019D	0x1C03      	BTFSS      STATUS, 0
0x019E	0x03D1      	DECF       IntToStr_i_L0+1, 1
;__Lib_Conversions.c,219 :: 		
0x019F	0x0850      	MOVF       IntToStr_i_L0, 0
0x01A0	0x074F      	ADDWF      FARG_IntToStr_output, 0
0x01A1	0x0084      	MOVWF      FSR
0x01A2	0x302D      	MOVLW      45
0x01A3	0x0080      	MOVWF      INDF
L_IntToStr40:
;__Lib_Conversions.c,220 :: 		
L_end_IntToStr:
0x01A4	0x0008      	RETURN
; end of _IntToStr
_Lcd_Out:
;__Lib_Lcd.c,184 :: 		
;__Lib_Lcd.c,187 :: 		
0x01A5	0x29B7      	GOTO       L_Lcd_Out11
;__Lib_Lcd.c,188 :: 		
L_Lcd_Out13:
0x01A6	0x3080      	MOVLW      128
0x01A7	0x1683      	BSF        STATUS, 5
0x01A8	0x1303      	BCF        STATUS, 6
0x01A9	0x00CD      	MOVWF      FARG_Lcd_Out_row
0x01AA	0x29CA      	GOTO       L_Lcd_Out12
;__Lib_Lcd.c,189 :: 		
L_Lcd_Out14:
0x01AB	0x30C0      	MOVLW      192
0x01AC	0x00CD      	MOVWF      FARG_Lcd_Out_row
0x01AD	0x29CA      	GOTO       L_Lcd_Out12
;__Lib_Lcd.c,190 :: 		
L_Lcd_Out15:
0x01AE	0x3094      	MOVLW      148
0x01AF	0x00CD      	MOVWF      FARG_Lcd_Out_row
0x01B0	0x29CA      	GOTO       L_Lcd_Out12
;__Lib_Lcd.c,191 :: 		
L_Lcd_Out16:
0x01B1	0x30D4      	MOVLW      212
0x01B2	0x00CD      	MOVWF      FARG_Lcd_Out_row
0x01B3	0x29CA      	GOTO       L_Lcd_Out12
;__Lib_Lcd.c,192 :: 		
L_Lcd_Out17:
0x01B4	0x3080      	MOVLW      128
0x01B5	0x00CD      	MOVWF      FARG_Lcd_Out_row
;__Lib_Lcd.c,193 :: 		
0x01B6	0x29CA      	GOTO       L_Lcd_Out12
L_Lcd_Out11:
0x01B7	0x1683      	BSF        STATUS, 5
0x01B8	0x1303      	BCF        STATUS, 6
0x01B9	0x084D      	MOVF       FARG_Lcd_Out_row, 0
0x01BA	0x3A01      	XORLW      1
0x01BB	0x1903      	BTFSC      STATUS, 2
0x01BC	0x29A6      	GOTO       L_Lcd_Out13
0x01BD	0x084D      	MOVF       FARG_Lcd_Out_row, 0
0x01BE	0x3A02      	XORLW      2
0x01BF	0x1903      	BTFSC      STATUS, 2
0x01C0	0x29AB      	GOTO       L_Lcd_Out14
0x01C1	0x084D      	MOVF       FARG_Lcd_Out_row, 0
0x01C2	0x3A03      	XORLW      3
0x01C3	0x1903      	BTFSC      STATUS, 2
0x01C4	0x29AE      	GOTO       L_Lcd_Out15
0x01C5	0x084D      	MOVF       FARG_Lcd_Out_row, 0
0x01C6	0x3A04      	XORLW      4
0x01C7	0x1903      	BTFSC      STATUS, 2
0x01C8	0x29B1      	GOTO       L_Lcd_Out16
0x01C9	0x29B4      	GOTO       L_Lcd_Out17
L_Lcd_Out12:
;__Lib_Lcd.c,194 :: 		
0x01CA	0x034E      	DECF       FARG_Lcd_Out_column, 0
0x01CB	0x00F0      	MOVWF      R0
0x01CC	0x084D      	MOVF       FARG_Lcd_Out_row, 0
0x01CD	0x07F0      	ADDWF      R0, 1
0x01CE	0x0870      	MOVF       R0, 0
0x01CF	0x00CD      	MOVWF      FARG_Lcd_Out_row
;__Lib_Lcd.c,196 :: 		
0x01D0	0x0870      	MOVF       R0, 0
0x01D1	0x00DB      	MOVWF      FARG_Lcd_Cmd_out_char
0x01D2	0x2063      	CALL       _Lcd_Cmd
;__Lib_Lcd.c,197 :: 		
0x01D3	0x106D      	BCF        __Lib_Lcd_cmd_status, BitPos(__Lib_Lcd_cmd_status+0)
;__Lib_Lcd.c,198 :: 		
0x01D4	0x1683      	BSF        STATUS, 5
0x01D5	0x01D0      	CLRF       Lcd_Out_i_L0
;__Lib_Lcd.c,199 :: 		
L_Lcd_Out18:
0x01D6	0x0850      	MOVF       Lcd_Out_i_L0, 0
0x01D7	0x074F      	ADDWF      FARG_Lcd_Out_text, 0
0x01D8	0x0084      	MOVWF      FSR
0x01D9	0x0800      	MOVF       INDF, 0
0x01DA	0x1903      	BTFSC      STATUS, 2
0x01DB	0x29E5      	GOTO       L_Lcd_Out19
;__Lib_Lcd.c,200 :: 		
0x01DC	0x0850      	MOVF       Lcd_Out_i_L0, 0
0x01DD	0x074F      	ADDWF      FARG_Lcd_Out_text, 0
0x01DE	0x0084      	MOVWF      FSR
0x01DF	0x0800      	MOVF       INDF, 0
0x01E0	0x00D6      	MOVWF      FARG_Lcd_Chr_CP_out_char
0x01E1	0x20C1      	CALL       _Lcd_Chr_CP
0x01E2	0x1683      	BSF        STATUS, 5
0x01E3	0x0AD0      	INCF       Lcd_Out_i_L0, 1
0x01E4	0x29D6      	GOTO       L_Lcd_Out18
L_Lcd_Out19:
;__Lib_Lcd.c,201 :: 		
0x01E5	0x1283      	BCF        STATUS, 5
0x01E6	0x146D      	BSF        __Lib_Lcd_cmd_status, BitPos(__Lib_Lcd_cmd_status+0)
;__Lib_Lcd.c,202 :: 		
L_end_Lcd_Out:
0x01E7	0x0008      	RETURN
; end of _Lcd_Out
_Lcd_Init:
;__Lib_Lcd.c,84 :: 		
;__Lib_Lcd.c,86 :: 		
0x01E8	0x1683      	BSF        STATUS, 5
0x01E9	0x1303      	BCF        STATUS, 6
0x01EA	0x1088      	BCF        LCD_EN_Direction, BitPos(LCD_EN_Direction+0)
;__Lib_Lcd.c,87 :: 		
0x01EB	0x1008      	BCF        LCD_RS_Direction, BitPos(LCD_RS_Direction+0)
;__Lib_Lcd.c,88 :: 		
0x01EC	0x1108      	BCF        LCD_D4_Direction, BitPos(LCD_D4_Direction+0)
;__Lib_Lcd.c,89 :: 		
0x01ED	0x1188      	BCF        LCD_D5_Direction, BitPos(LCD_D5_Direction+0)
;__Lib_Lcd.c,90 :: 		
0x01EE	0x1208      	BCF        LCD_D6_Direction, BitPos(LCD_D6_Direction+0)
;__Lib_Lcd.c,91 :: 		
0x01EF	0x1288      	BCF        LCD_D7_Direction, BitPos(LCD_D7_Direction+0)
;__Lib_Lcd.c,93 :: 		
0x01F0	0x1283      	BCF        STATUS, 5
0x01F1	0x1088      	BCF        LCD_EN, BitPos(LCD_EN+0)
;__Lib_Lcd.c,94 :: 		
0x01F2	0x1008      	BCF        LCD_RS, BitPos(LCD_RS+0)
;__Lib_Lcd.c,95 :: 		
0x01F3	0x1288      	BCF        LCD_D7, BitPos(LCD_D7+0)
;__Lib_Lcd.c,96 :: 		
0x01F4	0x1208      	BCF        LCD_D6, BitPos(LCD_D6+0)
;__Lib_Lcd.c,97 :: 		
0x01F5	0x1188      	BCF        LCD_D5, BitPos(LCD_D5+0)
;__Lib_Lcd.c,98 :: 		
0x01F6	0x1108      	BCF        LCD_D4, BitPos(LCD_D4+0)
;__Lib_Lcd.c,100 :: 		
0x01F7	0x203A      	CALL       _Delay_5500us
;__Lib_Lcd.c,101 :: 		
0x01F8	0x203A      	CALL       _Delay_5500us
;__Lib_Lcd.c,102 :: 		
0x01F9	0x203A      	CALL       _Delay_5500us
;__Lib_Lcd.c,105 :: 		
0x01FA	0x1588      	BSF        LCD_D5, BitPos(LCD_D5+0)
;__Lib_Lcd.c,106 :: 		
0x01FB	0x1508      	BSF        LCD_D4, BitPos(LCD_D4+0)
;__Lib_Lcd.c,107 :: 		
0x01FC	0x1488      	BSF        LCD_EN, BitPos(LCD_EN+0)
;__Lib_Lcd.c,108 :: 		
0x01FD	0x202F      	CALL       _Delay_1us
;__Lib_Lcd.c,109 :: 		
0x01FE	0x1088      	BCF        LCD_EN, BitPos(LCD_EN+0)
;__Lib_Lcd.c,110 :: 		
0x01FF	0x203A      	CALL       _Delay_5500us
;__Lib_Lcd.c,112 :: 		
0x0200	0x1488      	BSF        LCD_EN, BitPos(LCD_EN+0)
;__Lib_Lcd.c,113 :: 		
0x0201	0x202F      	CALL       _Delay_1us
;__Lib_Lcd.c,114 :: 		
0x0202	0x1088      	BCF        LCD_EN, BitPos(LCD_EN+0)
;__Lib_Lcd.c,115 :: 		
0x0203	0x203A      	CALL       _Delay_5500us
;__Lib_Lcd.c,117 :: 		
0x0204	0x1488      	BSF        LCD_EN, BitPos(LCD_EN+0)
;__Lib_Lcd.c,118 :: 		
0x0205	0x202F      	CALL       _Delay_1us
;__Lib_Lcd.c,119 :: 		
0x0206	0x1088      	BCF        LCD_EN, BitPos(LCD_EN+0)
;__Lib_Lcd.c,120 :: 		
0x0207	0x203A      	CALL       _Delay_5500us
;__Lib_Lcd.c,123 :: 		
0x0208	0x1108      	BCF        LCD_D4, BitPos(LCD_D4+0)
;__Lib_Lcd.c,124 :: 		
0x0209	0x1488      	BSF        LCD_EN, BitPos(LCD_EN+0)
;__Lib_Lcd.c,125 :: 		
0x020A	0x202F      	CALL       _Delay_1us
;__Lib_Lcd.c,126 :: 		
0x020B	0x1088      	BCF        LCD_EN, BitPos(LCD_EN+0)
;__Lib_Lcd.c,127 :: 		
0x020C	0x203A      	CALL       _Delay_5500us
;__Lib_Lcd.c,130 :: 		
0x020D	0x1488      	BSF        LCD_EN, BitPos(LCD_EN+0)
;__Lib_Lcd.c,131 :: 		
0x020E	0x202F      	CALL       _Delay_1us
;__Lib_Lcd.c,132 :: 		
0x020F	0x1088      	BCF        LCD_EN, BitPos(LCD_EN+0)
;__Lib_Lcd.c,134 :: 		
0x0210	0x1188      	BCF        LCD_D5, BitPos(LCD_D5+0)
;__Lib_Lcd.c,135 :: 		
0x0211	0x1688      	BSF        LCD_D7, BitPos(LCD_D7+0)
;__Lib_Lcd.c,136 :: 		
0x0212	0x1488      	BSF        LCD_EN, BitPos(LCD_EN+0)
;__Lib_Lcd.c,137 :: 		
0x0213	0x202F      	CALL       _Delay_1us
;__Lib_Lcd.c,138 :: 		
0x0214	0x1088      	BCF        LCD_EN, BitPos(LCD_EN+0)
;__Lib_Lcd.c,139 :: 		
0x0215	0x203A      	CALL       _Delay_5500us
;__Lib_Lcd.c,142 :: 		
0x0216	0x1288      	BCF        LCD_D7, BitPos(LCD_D7+0)
;__Lib_Lcd.c,143 :: 		
0x0217	0x1508      	BSF        LCD_D4, BitPos(LCD_D4+0)
;__Lib_Lcd.c,144 :: 		
0x0218	0x1488      	BSF        LCD_EN, BitPos(LCD_EN+0)
;__Lib_Lcd.c,145 :: 		
0x0219	0x202F      	CALL       _Delay_1us
;__Lib_Lcd.c,146 :: 		
0x021A	0x1088      	BCF        LCD_EN, BitPos(LCD_EN+0)
;__Lib_Lcd.c,148 :: 		
0x021B	0x1108      	BCF        LCD_D4, BitPos(LCD_D4+0)
;__Lib_Lcd.c,149 :: 		
0x021C	0x1488      	BSF        LCD_EN, BitPos(LCD_EN+0)
;__Lib_Lcd.c,150 :: 		
0x021D	0x202F      	CALL       _Delay_1us
;__Lib_Lcd.c,151 :: 		
0x021E	0x1088      	BCF        LCD_EN, BitPos(LCD_EN+0)
;__Lib_Lcd.c,152 :: 		
0x021F	0x203A      	CALL       _Delay_5500us
;__Lib_Lcd.c,155 :: 		
0x0220	0x1488      	BSF        LCD_EN, BitPos(LCD_EN+0)
;__Lib_Lcd.c,156 :: 		
0x0221	0x202F      	CALL       _Delay_1us
;__Lib_Lcd.c,157 :: 		
0x0222	0x1088      	BCF        LCD_EN, BitPos(LCD_EN+0)
;__Lib_Lcd.c,159 :: 		
0x0223	0x1508      	BSF        LCD_D4, BitPos(LCD_D4+0)
;__Lib_Lcd.c,160 :: 		
0x0224	0x1488      	BSF        LCD_EN, BitPos(LCD_EN+0)
;__Lib_Lcd.c,161 :: 		
0x0225	0x202F      	CALL       _Delay_1us
;__Lib_Lcd.c,162 :: 		
0x0226	0x1088      	BCF        LCD_EN, BitPos(LCD_EN+0)
;__Lib_Lcd.c,163 :: 		
0x0227	0x203A      	CALL       _Delay_5500us
;__Lib_Lcd.c,166 :: 		
0x0228	0x1108      	BCF        LCD_D4, BitPos(LCD_D4+0)
;__Lib_Lcd.c,167 :: 		
0x0229	0x1488      	BSF        LCD_EN, BitPos(LCD_EN+0)
;__Lib_Lcd.c,168 :: 		
0x022A	0x202F      	CALL       _Delay_1us
;__Lib_Lcd.c,169 :: 		
0x022B	0x1088      	BCF        LCD_EN, BitPos(LCD_EN+0)
;__Lib_Lcd.c,171 :: 		
0x022C	0x1688      	BSF        LCD_D7, BitPos(LCD_D7+0)
;__Lib_Lcd.c,172 :: 		
0x022D	0x1608      	BSF        LCD_D6, BitPos(LCD_D6+0)
;__Lib_Lcd.c,173 :: 		
0x022E	0x1588      	BSF        LCD_D5, BitPos(LCD_D5+0)
;__Lib_Lcd.c,174 :: 		
0x022F	0x1508      	BSF        LCD_D4, BitPos(LCD_D4+0)
;__Lib_Lcd.c,175 :: 		
0x0230	0x1488      	BSF        LCD_EN, BitPos(LCD_EN+0)
;__Lib_Lcd.c,176 :: 		
0x0231	0x202F      	CALL       _Delay_1us
;__Lib_Lcd.c,177 :: 		
0x0232	0x1088      	BCF        LCD_EN, BitPos(LCD_EN+0)
;__Lib_Lcd.c,179 :: 		
0x0233	0x203A      	CALL       _Delay_5500us
;__Lib_Lcd.c,181 :: 		
0x0234	0x146D      	BSF        __Lib_Lcd_cmd_status, BitPos(__Lib_Lcd_cmd_status+0)
;__Lib_Lcd.c,182 :: 		
L_end_Lcd_Init:
0x0235	0x0008      	RETURN
; end of _Lcd_Init
___CC2DW:
;__Lib_System.c,134 :: 		
;__Lib_System.c,137 :: 		
_CC2D_Loop1:
;__Lib_System.c,139 :: 		
0x0236	0x210C      	CALL       _____DoICP
0x0237	0x118A      	BCF        PCLATH, 3
0x0238	0x120A      	BCF        PCLATH, 4
;__Lib_System.c,141 :: 		
0x0239	0x0080      	MOVWF      INDF
;__Lib_System.c,142 :: 		
0x023A	0x0A84      	INCF       FSR, 1
;__Lib_System.c,143 :: 		
0x023B	0x0AEB      	INCF       ___DoICPAddr, 1
;__Lib_System.c,145 :: 		
0x023C	0x1903      	BTFSC      STATUS, 2
;__Lib_System.c,146 :: 		
0x023D	0x0AEC      	INCF       ___DoICPAddr+1, 1
;__Lib_System.c,147 :: 		
0x023E	0x03F0      	DECF       R0, 1
;__Lib_System.c,149 :: 		
0x023F	0x1D03      	BTFSS      STATUS, 2
;__Lib_System.c,150 :: 		
0x0240	0x2A36      	GOTO       _CC2D_Loop1
;__Lib_System.c,152 :: 		
L_end___CC2DW:
0x0241	0x0008      	RETURN
; end of ___CC2DW
_ADC_Init:
;__Lib_ADC_88X.c,20 :: 		
;__Lib_ADC_88X.c,21 :: 		
0x0242	0x30FF      	MOVLW      _ADC_Get_Sample
0x0243	0x1683      	BSF        STATUS, 5
0x0244	0x1303      	BCF        STATUS, 6
0x0245	0x00BC      	MOVWF      _ADC_Get_Sample_Ptr
0x0246	0x30FF      	MOVLW      hi_addr(_ADC_Get_Sample)
0x0247	0x00BD      	MOVWF      _ADC_Get_Sample_Ptr+1
0x0248	0x30FF      	MOVLW      FARG_ADC_Get_Sample_channel
0x0249	0x00BE      	MOVWF      _ADC_Get_Sample_Ptr+2
0x024A	0x30FF      	MOVLW      hi_addr(FARG_ADC_Get_Sample_channel)
;__Lib_ADC_88X.c,23 :: 		
0x024B	0x30C3      	MOVLW      195
0x024C	0x1283      	BCF        STATUS, 5
0x024D	0x059F      	ANDWF      ADCON0, 1
;__Lib_ADC_88X.c,27 :: 		
0x024E	0x30C0      	MOVLW      192
0x024F	0x009F      	MOVWF      ADCON0
;__Lib_ADC_88X.c,28 :: 		
0x0250	0x0961      	COMF       _vref_mask, 0
0x0251	0x00F0      	MOVWF      R0
0x0252	0x0870      	MOVF       R0, 0
0x0253	0x1683      	BSF        STATUS, 5
0x0254	0x059F      	ANDWF      ADCON1, 1
;__Lib_ADC_88X.c,29 :: 		
0x0255	0x179F      	BSF        ADCON1, 7
;__Lib_ADC_88X.c,31 :: 		
0x0256	0x1283      	BCF        STATUS, 5
0x0257	0x141F      	BSF        ADCON0, 0
;__Lib_ADC_88X.c,32 :: 		
L_end_ADC_Init:
0x0258	0x0008      	RETURN
; end of _ADC_Init
_main:
0x0259	0x2404      	CALL       1028
;MyProject.c,29 :: 		void main() {
;MyProject.c,30 :: 		Lcd_init();
0x025A	0x21E8      	CALL       _Lcd_Init
;MyProject.c,31 :: 		ADC_init();
0x025B	0x2242      	CALL       _ADC_Init
;MyProject.c,32 :: 		ANSEL  = 0x03;              // AN0 ve AN1 pini analog olarak ayarlanýyor.
0x025C	0x3003      	MOVLW      3
0x025D	0x1683      	BSF        STATUS, 5
0x025E	0x1703      	BSF        STATUS, 6
0x025F	0x0088      	MOVWF      ANSEL
;MyProject.c,33 :: 		ANSELH = 0;                 // Diðer pinler dijital olarak ayarlanýyor
0x0260	0x0189      	CLRF       ANSELH
;MyProject.c,34 :: 		C1ON_bit = 0;               // Karsilastiricilar kapali
0x0261	0x1283      	BCF        STATUS, 5
0x0262	0x1387      	BCF        C1ON_bit, BitPos(C1ON_bit+0)
;MyProject.c,35 :: 		C2ON_bit = 0;
0x0263	0x1388      	BCF        C2ON_bit, BitPos(C2ON_bit+0)
;MyProject.c,36 :: 		TRISB = 0x00;               // B portu çýkýþ olarak tanýmlanýyor
0x0264	0x1683      	BSF        STATUS, 5
0x0265	0x1303      	BCF        STATUS, 6
0x0266	0x0186      	CLRF       TRISB
;MyProject.c,38 :: 		PORTB.B1 = 1;               //Yeþil led
0x0267	0x1283      	BCF        STATUS, 5
0x0268	0x1486      	BSF        PORTB, 1
;MyProject.c,39 :: 		PORTB.B2 = 0;               //Kýrmýzý led
0x0269	0x1106      	BCF        PORTB, 2
;MyProject.c,40 :: 		PORTB.B3 =0;                 //Buzzer
0x026A	0x1186      	BCF        PORTB, 3
;MyProject.c,41 :: 		INTCON.GIE=1; // Tüm kesmeler aktif.
0x026B	0x178B      	BSF        INTCON, 7
;MyProject.c,42 :: 		INTCON.INTE=1; // RB0/INT dýþ kesme biti
0x026C	0x160B      	BSF        INTCON, 4
;MyProject.c,43 :: 		OPTION_REG.INTEDG=0; // Interrupt kenarý seçme biti 1: Yükselen, 0: Düþen
0x026D	0x1683      	BSF        STATUS, 5
0x026E	0x1301      	BCF        OPTION_REG, 6
;MyProject.c,46 :: 		Lcd_Cmd(_LCD_CLEAR);
0x026F	0x3001      	MOVLW      1
0x0270	0x00DB      	MOVWF      FARG_Lcd_Cmd_out_char
0x0271	0x2063      	CALL       _Lcd_Cmd
;MyProject.c,47 :: 		Lcd_Cmd(_LCD_CURSOR_OFF);
0x0272	0x300C      	MOVLW      12
0x0273	0x1683      	BSF        STATUS, 5
0x0274	0x00DB      	MOVWF      FARG_Lcd_Cmd_out_char
0x0275	0x2063      	CALL       _Lcd_Cmd
;MyProject.c,48 :: 		Lcd_Out(1,1,"Akilli  Konteynir");
0x0276	0x3001      	MOVLW      1
0x0277	0x1683      	BSF        STATUS, 5
0x0278	0x00CD      	MOVWF      FARG_Lcd_Out_row
0x0279	0x3001      	MOVLW      1
0x027A	0x00CE      	MOVWF      FARG_Lcd_Out_column
0x027B	0x304F      	MOVLW      ?lstr1_MyProject
0x027C	0x00CF      	MOVWF      FARG_Lcd_Out_text
0x027D	0x21A5      	CALL       _Lcd_Out
;MyProject.c,49 :: 		Lcd_Out(2,1,"Uygulama");
0x027E	0x3002      	MOVLW      2
0x027F	0x1683      	BSF        STATUS, 5
0x0280	0x00CD      	MOVWF      FARG_Lcd_Out_row
0x0281	0x3001      	MOVLW      1
0x0282	0x00CE      	MOVWF      FARG_Lcd_Out_column
0x0283	0x3062      	MOVLW      ?lstr2_MyProject
0x0284	0x00CF      	MOVWF      FARG_Lcd_Out_text
0x0285	0x21A5      	CALL       _Lcd_Out
;MyProject.c,50 :: 		Delay_ms(2000);
0x0286	0x301A      	MOVLW      26
0x0287	0x00FB      	MOVWF      R11
0x0288	0x305E      	MOVLW      94
0x0289	0x00FC      	MOVWF      R12
0x028A	0x306E      	MOVLW      110
0x028B	0x00FD      	MOVWF      R13
L_main2:
0x028C	0x0BFD      	DECFSZ     R13, 1
0x028D	0x2A8C      	GOTO       L_main2
0x028E	0x0BFC      	DECFSZ     R12, 1
0x028F	0x2A8C      	GOTO       L_main2
0x0290	0x0BFB      	DECFSZ     R11, 1
0x0291	0x2A8C      	GOTO       L_main2
0x0292	0x0000      	NOP
;MyProject.c,52 :: 		while(1){
L_main3:
;MyProject.c,53 :: 		gas=Adc_read(0);
0x0293	0x1683      	BSF        STATUS, 5
0x0294	0x01CD      	CLRF       FARG_ADC_Read_channel
0x0295	0x2113      	CALL       _ADC_Read
0x0296	0x0870      	MOVF       R0, 0
0x0297	0x1283      	BCF        STATUS, 5
0x0298	0x00A5      	MOVWF      _gas
0x0299	0x0871      	MOVF       R0+1, 0
0x029A	0x00A6      	MOVWF      _gas+1
;MyProject.c,54 :: 		agirlik=Adc_read(1);
0x029B	0x3001      	MOVLW      1
0x029C	0x1683      	BSF        STATUS, 5
0x029D	0x00CD      	MOVWF      FARG_ADC_Read_channel
0x029E	0x2113      	CALL       _ADC_Read
0x029F	0x0870      	MOVF       R0, 0
0x02A0	0x1283      	BCF        STATUS, 5
0x02A1	0x00A3      	MOVWF      _agirlik
0x02A2	0x0871      	MOVF       R0+1, 0
0x02A3	0x00A4      	MOVWF      _agirlik+1
;MyProject.c,56 :: 		if(agirlik>500 || gas>500){
0x02A4	0x0871      	MOVF       R0+1, 0
0x02A5	0x3C01      	SUBLW      1
0x02A6	0x1D03      	BTFSS      STATUS, 2
0x02A7	0x2AAA      	GOTO       L__main20
0x02A8	0x0870      	MOVF       R0, 0
0x02A9	0x3CF4      	SUBLW      244
L__main20:
0x02AA	0x1C03      	BTFSS      STATUS, 0
0x02AB	0x2AB5      	GOTO       L__main16
0x02AC	0x0826      	MOVF       _gas+1, 0
0x02AD	0x3C01      	SUBLW      1
0x02AE	0x1D03      	BTFSS      STATUS, 2
0x02AF	0x2AB2      	GOTO       L__main21
0x02B0	0x0825      	MOVF       _gas, 0
0x02B1	0x3CF4      	SUBLW      244
L__main21:
0x02B2	0x1C03      	BTFSS      STATUS, 0
0x02B3	0x2AB5      	GOTO       L__main16
0x02B4	0x2B20      	GOTO       L_main7
L__main16:
;MyProject.c,57 :: 		if(agirlik>500){
0x02B5	0x0824      	MOVF       _agirlik+1, 0
0x02B6	0x3C01      	SUBLW      1
0x02B7	0x1D03      	BTFSS      STATUS, 2
0x02B8	0x2ABB      	GOTO       L__main22
0x02B9	0x0823      	MOVF       _agirlik, 0
0x02BA	0x3CF4      	SUBLW      244
L__main22:
0x02BB	0x1803      	BTFSC      STATUS, 0
0x02BC	0x2AEA      	GOTO       L_main8
;MyProject.c,58 :: 		PORTB.B1=0;
0x02BD	0x1086      	BCF        PORTB, 1
;MyProject.c,59 :: 		PORTB.B2=1;
0x02BE	0x1506      	BSF        PORTB, 2
;MyProject.c,60 :: 		PORTB.B3=1;
0x02BF	0x1586      	BSF        PORTB, 3
;MyProject.c,61 :: 		intToStr(agirlik,agirlikDeger);
0x02C0	0x0823      	MOVF       _agirlik, 0
0x02C1	0x1683      	BSF        STATUS, 5
0x02C2	0x00CD      	MOVWF      FARG_IntToStr_input
0x02C3	0x1283      	BCF        STATUS, 5
0x02C4	0x0824      	MOVF       _agirlik+1, 0
0x02C5	0x1683      	BSF        STATUS, 5
0x02C6	0x00CE      	MOVWF      FARG_IntToStr_input+1
0x02C7	0x30C6      	MOVLW      _agirlikDeger
0x02C8	0x00CF      	MOVWF      FARG_IntToStr_output
0x02C9	0x213B      	CALL       _IntToStr
;MyProject.c,62 :: 		Lcd_Cmd(_LCD_CLEAR);
0x02CA	0x3001      	MOVLW      1
0x02CB	0x00DB      	MOVWF      FARG_Lcd_Cmd_out_char
0x02CC	0x2063      	CALL       _Lcd_Cmd
;MyProject.c,63 :: 		Lcd_Out(1,1,"Agirlik Uyarisi");
0x02CD	0x3001      	MOVLW      1
0x02CE	0x1683      	BSF        STATUS, 5
0x02CF	0x00CD      	MOVWF      FARG_Lcd_Out_row
0x02D0	0x3001      	MOVLW      1
0x02D1	0x00CE      	MOVWF      FARG_Lcd_Out_column
0x02D2	0x30A0      	MOVLW      ?lstr3_MyProject
0x02D3	0x00CF      	MOVWF      FARG_Lcd_Out_text
0x02D4	0x21A5      	CALL       _Lcd_Out
;MyProject.c,64 :: 		Lcd_Out(2,1,agirlikDeger);
0x02D5	0x3002      	MOVLW      2
0x02D6	0x1683      	BSF        STATUS, 5
0x02D7	0x00CD      	MOVWF      FARG_Lcd_Out_row
0x02D8	0x3001      	MOVLW      1
0x02D9	0x00CE      	MOVWF      FARG_Lcd_Out_column
0x02DA	0x30C6      	MOVLW      _agirlikDeger
0x02DB	0x00CF      	MOVWF      FARG_Lcd_Out_text
0x02DC	0x21A5      	CALL       _Lcd_Out
;MyProject.c,65 :: 		delay_ms(2000);
0x02DD	0x301A      	MOVLW      26
0x02DE	0x00FB      	MOVWF      R11
0x02DF	0x305E      	MOVLW      94
0x02E0	0x00FC      	MOVWF      R12
0x02E1	0x306E      	MOVLW      110
0x02E2	0x00FD      	MOVWF      R13
L_main9:
0x02E3	0x0BFD      	DECFSZ     R13, 1
0x02E4	0x2AE3      	GOTO       L_main9
0x02E5	0x0BFC      	DECFSZ     R12, 1
0x02E6	0x2AE3      	GOTO       L_main9
0x02E7	0x0BFB      	DECFSZ     R11, 1
0x02E8	0x2AE3      	GOTO       L_main9
0x02E9	0x0000      	NOP
;MyProject.c,66 :: 		}
L_main8:
;MyProject.c,67 :: 		if(gas>500){
0x02EA	0x0826      	MOVF       _gas+1, 0
0x02EB	0x3C01      	SUBLW      1
0x02EC	0x1D03      	BTFSS      STATUS, 2
0x02ED	0x2AF0      	GOTO       L__main23
0x02EE	0x0825      	MOVF       _gas, 0
0x02EF	0x3CF4      	SUBLW      244
L__main23:
0x02F0	0x1803      	BTFSC      STATUS, 0
0x02F1	0x2B1F      	GOTO       L_main10
;MyProject.c,68 :: 		PORTB.B1=0;
0x02F2	0x1086      	BCF        PORTB, 1
;MyProject.c,69 :: 		PORTB.B2=1;
0x02F3	0x1506      	BSF        PORTB, 2
;MyProject.c,70 :: 		PORTB.B3=1;
0x02F4	0x1586      	BSF        PORTB, 3
;MyProject.c,71 :: 		Lcd_Cmd(_LCD_CLEAR);
0x02F5	0x3001      	MOVLW      1
0x02F6	0x1683      	BSF        STATUS, 5
0x02F7	0x00DB      	MOVWF      FARG_Lcd_Cmd_out_char
0x02F8	0x2063      	CALL       _Lcd_Cmd
;MyProject.c,72 :: 		Lcd_Out(1,1,"Gaz Uyarisi");
0x02F9	0x3001      	MOVLW      1
0x02FA	0x1683      	BSF        STATUS, 5
0x02FB	0x00CD      	MOVWF      FARG_Lcd_Out_row
0x02FC	0x3001      	MOVLW      1
0x02FD	0x00CE      	MOVWF      FARG_Lcd_Out_column
0x02FE	0x30B0      	MOVLW      ?lstr4_MyProject
0x02FF	0x00CF      	MOVWF      FARG_Lcd_Out_text
0x0300	0x21A5      	CALL       _Lcd_Out
;MyProject.c,73 :: 		intToStr(gas,gasDeger);
0x0301	0x0825      	MOVF       _gas, 0
0x0302	0x1683      	BSF        STATUS, 5
0x0303	0x00CD      	MOVWF      FARG_IntToStr_input
0x0304	0x1283      	BCF        STATUS, 5
0x0305	0x0826      	MOVF       _gas+1, 0
0x0306	0x1683      	BSF        STATUS, 5
0x0307	0x00CE      	MOVWF      FARG_IntToStr_input+1
0x0308	0x30BF      	MOVLW      _gasDeger
0x0309	0x00CF      	MOVWF      FARG_IntToStr_output
0x030A	0x213B      	CALL       _IntToStr
;MyProject.c,74 :: 		Lcd_Out(2,1,gasDeger);
0x030B	0x3002      	MOVLW      2
0x030C	0x00CD      	MOVWF      FARG_Lcd_Out_row
0x030D	0x3001      	MOVLW      1
0x030E	0x00CE      	MOVWF      FARG_Lcd_Out_column
0x030F	0x30BF      	MOVLW      _gasDeger
0x0310	0x00CF      	MOVWF      FARG_Lcd_Out_text
0x0311	0x21A5      	CALL       _Lcd_Out
;MyProject.c,75 :: 		delay_ms(2000);
0x0312	0x301A      	MOVLW      26
0x0313	0x00FB      	MOVWF      R11
0x0314	0x305E      	MOVLW      94
0x0315	0x00FC      	MOVWF      R12
0x0316	0x306E      	MOVLW      110
0x0317	0x00FD      	MOVWF      R13
L_main11:
0x0318	0x0BFD      	DECFSZ     R13, 1
0x0319	0x2B18      	GOTO       L_main11
0x031A	0x0BFC      	DECFSZ     R12, 1
0x031B	0x2B18      	GOTO       L_main11
0x031C	0x0BFB      	DECFSZ     R11, 1
0x031D	0x2B18      	GOTO       L_main11
0x031E	0x0000      	NOP
;MyProject.c,76 :: 		}
L_main10:
;MyProject.c,77 :: 		}
0x031F	0x2B98      	GOTO       L_main12
L_main7:
;MyProject.c,79 :: 		PORTB.B1=1;
0x0320	0x1486      	BSF        PORTB, 1
;MyProject.c,80 :: 		PORTB.B2=0;
0x0321	0x1106      	BCF        PORTB, 2
;MyProject.c,81 :: 		PORTB.B3=0;
0x0322	0x1186      	BCF        PORTB, 3
;MyProject.c,82 :: 		Lcd_Cmd(_LCD_CLEAR);
0x0323	0x3001      	MOVLW      1
0x0324	0x1683      	BSF        STATUS, 5
0x0325	0x00DB      	MOVWF      FARG_Lcd_Cmd_out_char
0x0326	0x2063      	CALL       _Lcd_Cmd
;MyProject.c,83 :: 		Lcd_Out(1,5,"Sorun");
0x0327	0x3001      	MOVLW      1
0x0328	0x1683      	BSF        STATUS, 5
0x0329	0x00CD      	MOVWF      FARG_Lcd_Out_row
0x032A	0x3005      	MOVLW      5
0x032B	0x00CE      	MOVWF      FARG_Lcd_Out_column
0x032C	0x3045      	MOVLW      ?lstr5_MyProject
0x032D	0x00CF      	MOVWF      FARG_Lcd_Out_text
0x032E	0x21A5      	CALL       _Lcd_Out
;MyProject.c,84 :: 		Lcd_Out(2,6,"Yok");
0x032F	0x3002      	MOVLW      2
0x0330	0x1683      	BSF        STATUS, 5
0x0331	0x00CD      	MOVWF      FARG_Lcd_Out_row
0x0332	0x3006      	MOVLW      6
0x0333	0x00CE      	MOVWF      FARG_Lcd_Out_column
0x0334	0x304B      	MOVLW      ?lstr6_MyProject
0x0335	0x00CF      	MOVWF      FARG_Lcd_Out_text
0x0336	0x21A5      	CALL       _Lcd_Out
;MyProject.c,85 :: 		delay_ms(1000);
0x0337	0x300D      	MOVLW      13
0x0338	0x00FB      	MOVWF      R11
0x0339	0x30AF      	MOVLW      175
0x033A	0x00FC      	MOVWF      R12
0x033B	0x30B6      	MOVLW      182
0x033C	0x00FD      	MOVWF      R13
L_main13:
0x033D	0x0BFD      	DECFSZ     R13, 1
0x033E	0x2B3D      	GOTO       L_main13
0x033F	0x0BFC      	DECFSZ     R12, 1
0x0340	0x2B3D      	GOTO       L_main13
0x0341	0x0BFB      	DECFSZ     R11, 1
0x0342	0x2B3D      	GOTO       L_main13
0x0343	0x0000      	NOP
;MyProject.c,87 :: 		Lcd_Cmd(_LCD_CLEAR);
0x0344	0x3001      	MOVLW      1
0x0345	0x1683      	BSF        STATUS, 5
0x0346	0x00DB      	MOVWF      FARG_Lcd_Cmd_out_char
0x0347	0x2063      	CALL       _Lcd_Cmd
;MyProject.c,88 :: 		Lcd_Out(1,1,"Gaz Seviyesi");
0x0348	0x3001      	MOVLW      1
0x0349	0x1683      	BSF        STATUS, 5
0x034A	0x00CD      	MOVWF      FARG_Lcd_Out_row
0x034B	0x3001      	MOVLW      1
0x034C	0x00CE      	MOVWF      FARG_Lcd_Out_column
0x034D	0x3027      	MOVLW      ?lstr7_MyProject
0x034E	0x00CF      	MOVWF      FARG_Lcd_Out_text
0x034F	0x21A5      	CALL       _Lcd_Out
;MyProject.c,89 :: 		intToStr(gas,gasDeger);
0x0350	0x0825      	MOVF       _gas, 0
0x0351	0x1683      	BSF        STATUS, 5
0x0352	0x00CD      	MOVWF      FARG_IntToStr_input
0x0353	0x1283      	BCF        STATUS, 5
0x0354	0x0826      	MOVF       _gas+1, 0
0x0355	0x1683      	BSF        STATUS, 5
0x0356	0x00CE      	MOVWF      FARG_IntToStr_input+1
0x0357	0x30BF      	MOVLW      _gasDeger
0x0358	0x00CF      	MOVWF      FARG_IntToStr_output
0x0359	0x213B      	CALL       _IntToStr
;MyProject.c,90 :: 		Lcd_Out(2,1,gasDeger);
0x035A	0x3002      	MOVLW      2
0x035B	0x00CD      	MOVWF      FARG_Lcd_Out_row
0x035C	0x3001      	MOVLW      1
0x035D	0x00CE      	MOVWF      FARG_Lcd_Out_column
0x035E	0x30BF      	MOVLW      _gasDeger
0x035F	0x00CF      	MOVWF      FARG_Lcd_Out_text
0x0360	0x21A5      	CALL       _Lcd_Out
;MyProject.c,91 :: 		delay_ms(1000);
0x0361	0x300D      	MOVLW      13
0x0362	0x00FB      	MOVWF      R11
0x0363	0x30AF      	MOVLW      175
0x0364	0x00FC      	MOVWF      R12
0x0365	0x30B6      	MOVLW      182
0x0366	0x00FD      	MOVWF      R13
L_main14:
0x0367	0x0BFD      	DECFSZ     R13, 1
0x0368	0x2B67      	GOTO       L_main14
0x0369	0x0BFC      	DECFSZ     R12, 1
0x036A	0x2B67      	GOTO       L_main14
0x036B	0x0BFB      	DECFSZ     R11, 1
0x036C	0x2B67      	GOTO       L_main14
0x036D	0x0000      	NOP
;MyProject.c,93 :: 		Lcd_Cmd(_LCD_CLEAR);
0x036E	0x3001      	MOVLW      1
0x036F	0x1683      	BSF        STATUS, 5
0x0370	0x00DB      	MOVWF      FARG_Lcd_Cmd_out_char
0x0371	0x2063      	CALL       _Lcd_Cmd
;MyProject.c,94 :: 		Lcd_Out(1,1,"Agirlik Seviyesi");
0x0372	0x3001      	MOVLW      1
0x0373	0x1683      	BSF        STATUS, 5
0x0374	0x00CD      	MOVWF      FARG_Lcd_Out_row
0x0375	0x3001      	MOVLW      1
0x0376	0x00CE      	MOVWF      FARG_Lcd_Out_column
0x0377	0x3034      	MOVLW      ?lstr8_MyProject
0x0378	0x00CF      	MOVWF      FARG_Lcd_Out_text
0x0379	0x21A5      	CALL       _Lcd_Out
;MyProject.c,95 :: 		intToStr(agirlik,agirlikDeger);
0x037A	0x0823      	MOVF       _agirlik, 0
0x037B	0x1683      	BSF        STATUS, 5
0x037C	0x00CD      	MOVWF      FARG_IntToStr_input
0x037D	0x1283      	BCF        STATUS, 5
0x037E	0x0824      	MOVF       _agirlik+1, 0
0x037F	0x1683      	BSF        STATUS, 5
0x0380	0x00CE      	MOVWF      FARG_IntToStr_input+1
0x0381	0x30C6      	MOVLW      _agirlikDeger
0x0382	0x00CF      	MOVWF      FARG_IntToStr_output
0x0383	0x213B      	CALL       _IntToStr
;MyProject.c,96 :: 		Lcd_Out(2,1,agirlikDeger);
0x0384	0x3002      	MOVLW      2
0x0385	0x00CD      	MOVWF      FARG_Lcd_Out_row
0x0386	0x3001      	MOVLW      1
0x0387	0x00CE      	MOVWF      FARG_Lcd_Out_column
0x0388	0x30C6      	MOVLW      _agirlikDeger
0x0389	0x00CF      	MOVWF      FARG_Lcd_Out_text
0x038A	0x21A5      	CALL       _Lcd_Out
;MyProject.c,97 :: 		delay_ms(1000);
0x038B	0x300D      	MOVLW      13
0x038C	0x00FB      	MOVWF      R11
0x038D	0x30AF      	MOVLW      175
0x038E	0x00FC      	MOVWF      R12
0x038F	0x30B6      	MOVLW      182
0x0390	0x00FD      	MOVWF      R13
L_main15:
0x0391	0x0BFD      	DECFSZ     R13, 1
0x0392	0x2B91      	GOTO       L_main15
0x0393	0x0BFC      	DECFSZ     R12, 1
0x0394	0x2B91      	GOTO       L_main15
0x0395	0x0BFB      	DECFSZ     R11, 1
0x0396	0x2B91      	GOTO       L_main15
0x0397	0x0000      	NOP
;MyProject.c,98 :: 		}
L_main12:
;MyProject.c,99 :: 		}
0x0398	0x2A93      	GOTO       L_main3
;MyProject.c,100 :: 		}
L_end_main:
0x0399	0x2B99      	GOTO       $+0
; end of _main
0x0404	0x3023      	MOVLW      35
0x0405	0x0084      	MOVWF      FSR
0x0406	0x3048      	MOVLW      72
0x0407	0x1283      	BCF        STATUS, 5
0x0408	0x1303      	BCF        STATUS, 6
0x0409	0x00F0      	MOVWF      R0
0x040A	0x309F      	MOVLW      159
0x040B	0x00EB      	MOVWF      ___DoICPAddr
0x040C	0x3003      	MOVLW      3
0x040D	0x00EC      	MOVWF      108
0x040E	0x2236      	CALL       566
0x040F	0x30A0      	MOVLW      160
0x0410	0x0084      	MOVWF      FSR
0x0411	0x301C      	MOVLW      28
0x0412	0x1303      	BCF        STATUS, 6
0x0413	0x00F0      	MOVWF      R0
0x0414	0x30E7      	MOVLW      231
0x0415	0x00EB      	MOVWF      ___DoICPAddr
0x0416	0x3003      	MOVLW      3
0x0417	0x00EC      	MOVWF      108
0x0418	0x2236      	CALL       566
0x0419	0x0008      	RETURN
;MyProject.c,0 :: ?ICS_agirlik
0x039F	0x3400 ;?ICS_agirlik+0
0x03A0	0x3400 ;?ICS_agirlik+1
; end of ?ICS_agirlik
;MyProject.c,0 :: ?ICS_gas
0x03A1	0x3400 ;?ICS_gas+0
0x03A2	0x3400 ;?ICS_gas+1
; end of ?ICS_gas
;MyProject.c,0 :: ?ICS?lstr7_MyProject
0x03A3	0x3447 ;?ICS?lstr7_MyProject+0
0x03A4	0x3461 ;?ICS?lstr7_MyProject+1
0x03A5	0x347A ;?ICS?lstr7_MyProject+2
0x03A6	0x3420 ;?ICS?lstr7_MyProject+3
0x03A7	0x3453 ;?ICS?lstr7_MyProject+4
0x03A8	0x3465 ;?ICS?lstr7_MyProject+5
0x03A9	0x3476 ;?ICS?lstr7_MyProject+6
0x03AA	0x3469 ;?ICS?lstr7_MyProject+7
0x03AB	0x3479 ;?ICS?lstr7_MyProject+8
0x03AC	0x3465 ;?ICS?lstr7_MyProject+9
0x03AD	0x3473 ;?ICS?lstr7_MyProject+10
0x03AE	0x3469 ;?ICS?lstr7_MyProject+11
0x03AF	0x3400 ;?ICS?lstr7_MyProject+12
; end of ?ICS?lstr7_MyProject
;MyProject.c,0 :: ?ICS?lstr8_MyProject
0x03B0	0x3441 ;?ICS?lstr8_MyProject+0
0x03B1	0x3467 ;?ICS?lstr8_MyProject+1
0x03B2	0x3469 ;?ICS?lstr8_MyProject+2
0x03B3	0x3472 ;?ICS?lstr8_MyProject+3
0x03B4	0x346C ;?ICS?lstr8_MyProject+4
0x03B5	0x3469 ;?ICS?lstr8_MyProject+5
0x03B6	0x346B ;?ICS?lstr8_MyProject+6
0x03B7	0x3420 ;?ICS?lstr8_MyProject+7
0x03B8	0x3453 ;?ICS?lstr8_MyProject+8
0x03B9	0x3465 ;?ICS?lstr8_MyProject+9
0x03BA	0x3476 ;?ICS?lstr8_MyProject+10
0x03BB	0x3469 ;?ICS?lstr8_MyProject+11
0x03BC	0x3479 ;?ICS?lstr8_MyProject+12
0x03BD	0x3465 ;?ICS?lstr8_MyProject+13
0x03BE	0x3473 ;?ICS?lstr8_MyProject+14
0x03BF	0x3469 ;?ICS?lstr8_MyProject+15
0x03C0	0x3400 ;?ICS?lstr8_MyProject+16
; end of ?ICS?lstr8_MyProject
;MyProject.c,0 :: ?ICS?lstr5_MyProject
0x03C1	0x3453 ;?ICS?lstr5_MyProject+0
0x03C2	0x346F ;?ICS?lstr5_MyProject+1
0x03C3	0x3472 ;?ICS?lstr5_MyProject+2
0x03C4	0x3475 ;?ICS?lstr5_MyProject+3
0x03C5	0x346E ;?ICS?lstr5_MyProject+4
0x03C6	0x3400 ;?ICS?lstr5_MyProject+5
; end of ?ICS?lstr5_MyProject
;MyProject.c,0 :: ?ICS?lstr6_MyProject
0x03C7	0x3459 ;?ICS?lstr6_MyProject+0
0x03C8	0x346F ;?ICS?lstr6_MyProject+1
0x03C9	0x346B ;?ICS?lstr6_MyProject+2
0x03CA	0x3400 ;?ICS?lstr6_MyProject+3
; end of ?ICS?lstr6_MyProject
;MyProject.c,0 :: ?ICS?lstr1_MyProject
0x03CB	0x3441 ;?ICS?lstr1_MyProject+0
0x03CC	0x346B ;?ICS?lstr1_MyProject+1
0x03CD	0x3469 ;?ICS?lstr1_MyProject+2
0x03CE	0x346C ;?ICS?lstr1_MyProject+3
0x03CF	0x346C ;?ICS?lstr1_MyProject+4
0x03D0	0x3469 ;?ICS?lstr1_MyProject+5
0x03D1	0x3420 ;?ICS?lstr1_MyProject+6
0x03D2	0x3420 ;?ICS?lstr1_MyProject+7
0x03D3	0x344B ;?ICS?lstr1_MyProject+8
0x03D4	0x346F ;?ICS?lstr1_MyProject+9
0x03D5	0x346E ;?ICS?lstr1_MyProject+10
0x03D6	0x3474 ;?ICS?lstr1_MyProject+11
0x03D7	0x3465 ;?ICS?lstr1_MyProject+12
0x03D8	0x3479 ;?ICS?lstr1_MyProject+13
0x03D9	0x346E ;?ICS?lstr1_MyProject+14
0x03DA	0x3469 ;?ICS?lstr1_MyProject+15
0x03DB	0x3472 ;?ICS?lstr1_MyProject+16
0x03DC	0x3400 ;?ICS?lstr1_MyProject+17
; end of ?ICS?lstr1_MyProject
;__Lib_ADC_88X.c,0 :: ?ICS_vref_mask
0x03DD	0x3430 ;?ICS_vref_mask+0
; end of ?ICS_vref_mask
;MyProject.c,0 :: ?ICS?lstr2_MyProject
0x03DE	0x3455 ;?ICS?lstr2_MyProject+0
0x03DF	0x3479 ;?ICS?lstr2_MyProject+1
0x03E0	0x3467 ;?ICS?lstr2_MyProject+2
0x03E1	0x3475 ;?ICS?lstr2_MyProject+3
0x03E2	0x346C ;?ICS?lstr2_MyProject+4
0x03E3	0x3461 ;?ICS?lstr2_MyProject+5
0x03E4	0x346D ;?ICS?lstr2_MyProject+6
0x03E5	0x3461 ;?ICS?lstr2_MyProject+7
0x03E6	0x3400 ;?ICS?lstr2_MyProject+8
; end of ?ICS?lstr2_MyProject
;MyProject.c,0 :: ?ICS?lstr3_MyProject
0x03E7	0x3441 ;?ICS?lstr3_MyProject+0
0x03E8	0x3467 ;?ICS?lstr3_MyProject+1
0x03E9	0x3469 ;?ICS?lstr3_MyProject+2
0x03EA	0x3472 ;?ICS?lstr3_MyProject+3
0x03EB	0x346C ;?ICS?lstr3_MyProject+4
0x03EC	0x3469 ;?ICS?lstr3_MyProject+5
0x03ED	0x346B ;?ICS?lstr3_MyProject+6
0x03EE	0x3420 ;?ICS?lstr3_MyProject+7
0x03EF	0x3455 ;?ICS?lstr3_MyProject+8
0x03F0	0x3479 ;?ICS?lstr3_MyProject+9
0x03F1	0x3461 ;?ICS?lstr3_MyProject+10
0x03F2	0x3472 ;?ICS?lstr3_MyProject+11
0x03F3	0x3469 ;?ICS?lstr3_MyProject+12
0x03F4	0x3473 ;?ICS?lstr3_MyProject+13
0x03F5	0x3469 ;?ICS?lstr3_MyProject+14
0x03F6	0x3400 ;?ICS?lstr3_MyProject+15
; end of ?ICS?lstr3_MyProject
;MyProject.c,0 :: ?ICS?lstr4_MyProject
0x03F7	0x3447 ;?ICS?lstr4_MyProject+0
0x03F8	0x3461 ;?ICS?lstr4_MyProject+1
0x03F9	0x347A ;?ICS?lstr4_MyProject+2
0x03FA	0x3420 ;?ICS?lstr4_MyProject+3
0x03FB	0x3455 ;?ICS?lstr4_MyProject+4
0x03FC	0x3479 ;?ICS?lstr4_MyProject+5
0x03FD	0x3461 ;?ICS?lstr4_MyProject+6
0x03FE	0x3472 ;?ICS?lstr4_MyProject+7
0x03FF	0x3469 ;?ICS?lstr4_MyProject+8
0x0400	0x3473 ;?ICS?lstr4_MyProject+9
0x0401	0x3469 ;?ICS?lstr4_MyProject+10
0x0402	0x3400 ;?ICS?lstr4_MyProject+11
; end of ?ICS?lstr4_MyProject
Symbol List:
//** Routines locations **
//ADDRESS    SIZE    PROCEDURE
//----------------------------------------------
0x0004      [43]    _interrupt
0x002F       [3]    _Delay_1us
0x0032       [8]    _Delay_50us
0x003A      [12]    _Delay_5500us
0x0046      [29]    _Div_16X16_U
0x0063      [87]    _Lcd_Cmd
0x00BA       [7]    _Delay_22us
0x00C1       [9]    _Lcd_Chr_CP
0x00CA      [66]    _WordToStr
0x010C       [7]    _____DoICP
0x0113      [40]    _ADC_Read
0x013B     [106]    _IntToStr
0x01A5      [67]    _Lcd_Out
0x01E8      [78]    _Lcd_Init
0x0236      [12]    ___CC2DW
0x0242      [23]    _ADC_Init
0x0259     [320]    _main
//** Variables locations ** 
//ADDRESS    SIZE    VARIABLE
//----------------------------------------------
0x0000       [1]    INDF
0x0002       [1]    PCL
0x0003       [1]    STATUS
0x0004       [1]    FSR
0x0006       [1]    PORTB
0x0008       [0]    RD3_bit
0x0008       [0]    RD0_bit
0x0008       [0]    LCD_D7
0x0008       [0]    RD2_bit
0x0008       [0]    RD1_bit
0x0008       [0]    LCD_EN
0x0008       [0]    RD4_bit
0x0008       [0]    RD5_bit
0x0008       [0]    LCD_D4
0x0008       [0]    LCD_D5
0x0008       [0]    LCD_D6
0x0008       [0]    LCD_RS
0x000A       [1]    PCLATH
0x000B       [1]    INTCON
0x001E       [1]    ADRESH
0x001F       [1]    ADCON0
0x0023       [2]    _agirlik
0x0025       [2]    _gas
0x0027      [13]    ?lstr7_MyProject
0x0034      [17]    ?lstr8_MyProject
0x0045       [6]    ?lstr5_MyProject
0x004B       [4]    ?lstr6_MyProject
0x004F      [18]    ?lstr1_MyProject
0x0061       [1]    _vref_mask
0x0062       [9]    ?lstr2_MyProject
0x006B       [2]    ___DoICPAddr
0x006D       [0]    __Lib_Lcd_cmd_status
0x006E       [1]    ___savePCLATH
0x006F       [1]    ___saveSTATUS
0x0070       [1]    R0
0x0071       [1]    R1
0x0072       [1]    R2
0x0073       [1]    R3
0x0074       [1]    R4
0x0075       [1]    R5
0x0076       [1]    R6
0x0077       [1]    R7
0x0078       [1]    R8
0x0079       [1]    R9
0x007A       [1]    R10
0x007B       [1]    R11
0x007C       [1]    R12
0x007D       [1]    R13
0x007E       [1]    R14
0x007F       [1]    R15
0x0081       [1]    OPTION_REG
0x0086       [1]    TRISB
0x0088       [0]    TRISD1_bit
0x0088       [0]    LCD_D4_Direction
0x0088       [0]    LCD_EN_Direction
0x0088       [0]    TRISD0_bit
0x0088       [0]    LCD_D6_Direction
0x0088       [0]    LCD_D7_Direction
0x0088       [0]    LCD_RS_Direction
0x0088       [0]    LCD_D5_Direction
0x0088       [0]    TRISD2_bit
0x0088       [0]    TRISD4_bit
0x0088       [0]    TRISD3_bit
0x0088       [0]    TRISD5_bit
0x009E       [1]    ADRESL
0x009F       [1]    ADCON1
0x00A0      [16]    ?lstr3_MyProject
0x00B0      [12]    ?lstr4_MyProject
0x00BC       [3]    _ADC_Get_Sample_Ptr
0x00BF       [7]    _gasDeger
0x00C6       [7]    _agirlikDeger
0x00CD       [1]    FARG_ADC_Read_channel
0x00CD       [2]    FARG_IntToStr_input
0x00CD       [1]    FARG_Lcd_Out_row
0x00CE       [1]    FARG_Lcd_Out_column
0x00CF       [1]    FARG_IntToStr_output
0x00CF       [1]    FARG_Lcd_Out_text
0x00D0       [1]    Lcd_Out_i_L0
0x00D0       [2]    IntToStr_i_L0
0x00D2       [2]    IntToStr_negative_L0
0x00D4       [2]    IntToStr_inword_L0
0x00D6       [1]    FARG_Lcd_Chr_CP_out_char
0x00D6       [2]    FARG_WordToStr_input
0x00D8       [1]    FARG_WordToStr_output
0x00D9       [1]    WordToStr_len_L0
0x00DA       [1]    FLOC__WordToStr
0x00DB       [1]    FARG_Lcd_Cmd_out_char
0x0107       [0]    C1ON_bit
0x0108       [0]    C2ON_bit
0x0188       [1]    ANSEL
0x0189       [1]    ANSELH
//** Constants locations ** 
//ADDRESS    SIZE    CONSTANT
//----------------------------------------------
0x039F       [2]    ?ICS_agirlik
0x03A1       [2]    ?ICS_gas
0x03A3      [13]    ?ICS?lstr7_MyProject
0x03B0      [17]    ?ICS?lstr8_MyProject
0x03C1       [6]    ?ICS?lstr5_MyProject
0x03C7       [4]    ?ICS?lstr6_MyProject
0x03CB      [18]    ?ICS?lstr1_MyProject
0x03DD       [1]    ?ICS_vref_mask
0x03DE       [9]    ?ICS?lstr2_MyProject
0x03E7      [16]    ?ICS?lstr3_MyProject
0x03F7      [12]    ?ICS?lstr4_MyProject
